<?xml version="1.0" encoding="UTF-8"?>
<!-- Generated by org.testng.reporters.JUnitReportReporter -->
<testsuite hostname="Riddhis-iMac.local" failures="0" tests="1" name="first.Demoone" time="24.299" errors="0" timestamp="2023-07-19T18:01:28 IST" skipped="0">
  <testcase classname="first.Demoone" name="Loginpage" time="24.299"/>
</testsuite> <!-- first.Demoone -->
