<?xml version="1.0" encoding="UTF-8"?>
<!-- Generated by org.testng.reporters.JUnitReportReporter -->
<testsuite hostname="Riddhis-iMac.local" failures="0" tests="1" name="first.Tempone" time="18.524" errors="0" timestamp="2023-07-13T11:52:06 IST" skipped="0">
  <testcase classname="first.Tempone" name="Loginpage" time="18.524"/>
</testsuite> <!-- first.Tempone -->
