<?xml version="1.0" encoding="UTF-8"?>
<!-- Generated by org.testng.reporters.JUnitReportReporter -->
<testsuite hostname="Riddhis-iMac.local" failures="0" tests="3" name="first.Moods" time="0.000" errors="0" timestamp="2023-08-17T11:20:28 IST" skipped="3">
  <testcase classname="first.Moods" name="stylepage" time="0.000">
    <skipped/>
  </testcase> <!-- stylepage -->
  <testcase classname="first.Moods" name="Loginpage" time="0.000">
    <skipped/>
  </testcase> <!-- Loginpage -->
  <testcase classname="first.Moods" name="Moodpage" time="0.000">
    <skipped/>
  </testcase> <!-- Moodpage -->
</testsuite> <!-- first.Moods -->
