<?xml version="1.0" encoding="UTF-8"?>
<!-- Generated by org.testng.reporters.JUnitReportReporter -->
<testsuite hostname="Riddhis-iMac.local" failures="0" tests="1" name="first.DashboardPage" time="23.994" errors="0" timestamp="2023-07-20T10:51:22 IST" skipped="0">
  <testcase classname="first.DashboardPage" name="Loginpage" time="23.994"/>
</testsuite> <!-- first.DashboardPage -->
